2024-03-14 08:51:09,982 ERROR 19772 nodejs.ClusterClientNoResponseError: client no response in 25498881ms exceeding maxIdleTime 60000ms, maybe the connection is close on other side.
    at Timeout._onTimeout (C:\Users\Administrator\Desktop\egg\node_modules\.pnpm\cluster-client@3.6.0\node_modules\cluster-client\lib\leader.js:79:25)
    at listOnTimeout (node:internal/timers:569:17)
    at process.processTimers (node:internal/timers:512:7)
name: "ClusterClientNoResponseError"
pid: 19772
hostname: WIN-3AQI817JGGJ

2024-03-14 13:49:47,939 ERROR 10472 nodejs.TypeError: [egg-socket.io] controller execute error: this.ctx.service.nodemcu.getThirtyData is not a function
    at Test.getLastData (C:\Users\Administrator\Desktop\egg\app\io\controller\test.js:21:52)
    at process.processTicksAndRejections (node:internal/process/task_queues:95:5)

pid: 10472
hostname: WIN-3AQI817JGGJ

2024-03-14 13:50:18,729 ERROR 10472 nodejs.TypeError: [egg-socket.io] controller execute error: this.ctx.service.nodemcu.getThirtyData is not a function
    at Test.getLastData (C:\Users\Administrator\Desktop\egg\app\io\controller\test.js:21:52)
    at process.processTicksAndRejections (node:internal/process/task_queues:95:5)

pid: 10472
hostname: WIN-3AQI817JGGJ

2024-03-14 13:53:11,037 ERROR 21256 nodejs.unhandledExceptionError: read ECONNRESET
    at TCP.onStreamRead (node:internal/stream_base_commons:217:20)
errno: -4077
code: "ECONNRESET"
syscall: "read"
name: "unhandledExceptionError"
pid: 21256
hostname: WIN-3AQI817JGGJ

2024-03-14 16:56:28,895 ERROR 11464 nodejs.unhandledExceptionError: read ECONNRESET
    at TCP.onStreamRead (node:internal/stream_base_commons:217:20)
errno: -4077
code: "ECONNRESET"
syscall: "read"
name: "unhandledExceptionError"
pid: 11464
hostname: WIN-3AQI817JGGJ

