2024-03-14 08:51:09,977 INFO 19772 [Timer] C:\Users\Administrator\Desktop\egg\node_modules\.pnpm\egg-multipart@3.3.0\node_modules\egg-multipart\app\schedule\clean_tmpdir.js next time will execute after 70730030ms at 2024-03-15 04:30:00.006
2024-03-14 08:51:10,148 INFO 20392 [Job#17103774699671365513140822001] C:\Users\Administrator\Desktop\egg\node_modules\.pnpm\egg-multipart@3.3.0\node_modules\egg-multipart\app\schedule\clean_tmpdir.js executing by app
2024-03-14 08:51:10,794 INFO 20392 [-/127.0.0.1/-/645ms SCHEDULE /__schedule?path=C:\Users\Administrator\Desktop\egg\node_modules\.pnpm\egg-multipart@3.3.0\node_modules\egg-multipart\app\schedule\clean_tmpdir.js&type=worker&cron=0%2030%204%20*%20*%20*&disable=false&immediate=false] [Job#17103774699671365513140822001] C:\Users\Administrator\Desktop\egg\node_modules\.pnpm\egg-multipart@3.3.0\node_modules\egg-multipart\app\schedule\clean_tmpdir.js execute succeed, used 645ms. 
2024-03-14 10:35:30,291 INFO 17760 [egg-schedule]: register schedule C:\Users\Administrator\Desktop\egg\node_modules\.pnpm\egg-multipart@3.3.0\node_modules\egg-multipart\app\schedule\clean_tmpdir.js
2024-03-14 10:35:30,291 INFO 17760 [egg-schedule]: register schedule C:\Users\Administrator\Desktop\egg\node_modules\.pnpm\egg-logrotator@3.1.0\node_modules\egg-logrotator\app\schedule\clean_log.js
2024-03-14 10:35:30,291 INFO 17760 [egg-schedule]: register schedule C:\Users\Administrator\Desktop\egg\node_modules\.pnpm\egg-logrotator@3.1.0\node_modules\egg-logrotator\app\schedule\rotate_by_file.js
2024-03-14 10:54:58,475 INFO 7512 [egg-schedule]: register schedule C:\Users\Administrator\Desktop\egg\node_modules\.pnpm\egg-multipart@3.3.0\node_modules\egg-multipart\app\schedule\clean_tmpdir.js
2024-03-14 10:54:58,475 INFO 7512 [egg-schedule]: register schedule C:\Users\Administrator\Desktop\egg\node_modules\.pnpm\egg-logrotator@3.1.0\node_modules\egg-logrotator\app\schedule\clean_log.js
2024-03-14 10:54:58,475 INFO 7512 [egg-schedule]: register schedule C:\Users\Administrator\Desktop\egg\node_modules\.pnpm\egg-logrotator@3.1.0\node_modules\egg-logrotator\app\schedule\rotate_by_file.js
2024-03-14 13:43:21,466 INFO 31540 [egg-schedule]: register schedule C:\Users\Administrator\Desktop\egg\node_modules\.pnpm\egg-multipart@3.3.0\node_modules\egg-multipart\app\schedule\clean_tmpdir.js
2024-03-14 13:43:21,466 INFO 31540 [egg-schedule]: register schedule C:\Users\Administrator\Desktop\egg\node_modules\.pnpm\egg-logrotator@3.1.0\node_modules\egg-logrotator\app\schedule\clean_log.js
2024-03-14 13:43:21,466 INFO 31540 [egg-schedule]: register schedule C:\Users\Administrator\Desktop\egg\node_modules\.pnpm\egg-logrotator@3.1.0\node_modules\egg-logrotator\app\schedule\rotate_by_file.js
2024-03-14 13:43:23,950 INFO 8048 [egg-schedule]: register schedule C:\Users\Administrator\Desktop\egg\node_modules\.pnpm\egg-multipart@3.3.0\node_modules\egg-multipart\app\schedule\clean_tmpdir.js
2024-03-14 13:43:23,950 INFO 8048 [egg-schedule]: register schedule C:\Users\Administrator\Desktop\egg\node_modules\.pnpm\egg-logrotator@3.1.0\node_modules\egg-logrotator\app\schedule\clean_log.js
2024-03-14 13:43:23,950 INFO 8048 [egg-schedule]: register schedule C:\Users\Administrator\Desktop\egg\node_modules\.pnpm\egg-logrotator@3.1.0\node_modules\egg-logrotator\app\schedule\rotate_by_file.js
2024-03-14 13:43:40,056 INFO 14888 [egg-schedule]: register schedule C:\Users\Administrator\Desktop\egg\node_modules\.pnpm\egg-multipart@3.3.0\node_modules\egg-multipart\app\schedule\clean_tmpdir.js
2024-03-14 13:43:40,056 INFO 14888 [egg-schedule]: register schedule C:\Users\Administrator\Desktop\egg\node_modules\.pnpm\egg-logrotator@3.1.0\node_modules\egg-logrotator\app\schedule\clean_log.js
2024-03-14 13:43:40,056 INFO 14888 [egg-schedule]: register schedule C:\Users\Administrator\Desktop\egg\node_modules\.pnpm\egg-logrotator@3.1.0\node_modules\egg-logrotator\app\schedule\rotate_by_file.js
2024-03-14 13:43:44,689 INFO 10776 [egg-schedule]: register schedule C:\Users\Administrator\Desktop\egg\node_modules\.pnpm\egg-multipart@3.3.0\node_modules\egg-multipart\app\schedule\clean_tmpdir.js
2024-03-14 13:43:44,689 INFO 10776 [egg-schedule]: register schedule C:\Users\Administrator\Desktop\egg\node_modules\.pnpm\egg-logrotator@3.1.0\node_modules\egg-logrotator\app\schedule\clean_log.js
2024-03-14 13:43:44,689 INFO 10776 [egg-schedule]: register schedule C:\Users\Administrator\Desktop\egg\node_modules\.pnpm\egg-logrotator@3.1.0\node_modules\egg-logrotator\app\schedule\rotate_by_file.js
2024-03-14 13:43:59,012 INFO 17904 [egg-schedule]: register schedule C:\Users\Administrator\Desktop\egg\node_modules\.pnpm\egg-multipart@3.3.0\node_modules\egg-multipart\app\schedule\clean_tmpdir.js
2024-03-14 13:43:59,012 INFO 17904 [egg-schedule]: register schedule C:\Users\Administrator\Desktop\egg\node_modules\.pnpm\egg-logrotator@3.1.0\node_modules\egg-logrotator\app\schedule\clean_log.js
2024-03-14 13:43:59,012 INFO 17904 [egg-schedule]: register schedule C:\Users\Administrator\Desktop\egg\node_modules\.pnpm\egg-logrotator@3.1.0\node_modules\egg-logrotator\app\schedule\rotate_by_file.js
2024-03-14 13:44:08,100 INFO 29568 [egg-schedule]: register schedule C:\Users\Administrator\Desktop\egg\node_modules\.pnpm\egg-multipart@3.3.0\node_modules\egg-multipart\app\schedule\clean_tmpdir.js
2024-03-14 13:44:08,100 INFO 29568 [egg-schedule]: register schedule C:\Users\Administrator\Desktop\egg\node_modules\.pnpm\egg-logrotator@3.1.0\node_modules\egg-logrotator\app\schedule\clean_log.js
2024-03-14 13:44:08,100 INFO 29568 [egg-schedule]: register schedule C:\Users\Administrator\Desktop\egg\node_modules\.pnpm\egg-logrotator@3.1.0\node_modules\egg-logrotator\app\schedule\rotate_by_file.js
2024-03-14 13:46:01,328 INFO 31736 [egg-schedule]: register schedule C:\Users\Administrator\Desktop\egg\node_modules\.pnpm\egg-multipart@3.3.0\node_modules\egg-multipart\app\schedule\clean_tmpdir.js
2024-03-14 13:46:01,329 INFO 31736 [egg-schedule]: register schedule C:\Users\Administrator\Desktop\egg\node_modules\.pnpm\egg-logrotator@3.1.0\node_modules\egg-logrotator\app\schedule\clean_log.js
2024-03-14 13:46:01,329 INFO 31736 [egg-schedule]: register schedule C:\Users\Administrator\Desktop\egg\node_modules\.pnpm\egg-logrotator@3.1.0\node_modules\egg-logrotator\app\schedule\rotate_by_file.js
2024-03-14 13:46:15,424 INFO 10304 [egg-schedule]: register schedule C:\Users\Administrator\Desktop\egg\node_modules\.pnpm\egg-multipart@3.3.0\node_modules\egg-multipart\app\schedule\clean_tmpdir.js
2024-03-14 13:46:15,424 INFO 10304 [egg-schedule]: register schedule C:\Users\Administrator\Desktop\egg\node_modules\.pnpm\egg-logrotator@3.1.0\node_modules\egg-logrotator\app\schedule\clean_log.js
2024-03-14 13:46:15,424 INFO 10304 [egg-schedule]: register schedule C:\Users\Administrator\Desktop\egg\node_modules\.pnpm\egg-logrotator@3.1.0\node_modules\egg-logrotator\app\schedule\rotate_by_file.js
2024-03-14 13:46:24,854 INFO 16980 [egg-schedule]: register schedule C:\Users\Administrator\Desktop\egg\node_modules\.pnpm\egg-multipart@3.3.0\node_modules\egg-multipart\app\schedule\clean_tmpdir.js
2024-03-14 13:46:24,855 INFO 16980 [egg-schedule]: register schedule C:\Users\Administrator\Desktop\egg\node_modules\.pnpm\egg-logrotator@3.1.0\node_modules\egg-logrotator\app\schedule\clean_log.js
2024-03-14 13:46:24,855 INFO 16980 [egg-schedule]: register schedule C:\Users\Administrator\Desktop\egg\node_modules\.pnpm\egg-logrotator@3.1.0\node_modules\egg-logrotator\app\schedule\rotate_by_file.js
2024-03-14 13:46:27,617 INFO 18600 [egg-schedule]: register schedule C:\Users\Administrator\Desktop\egg\node_modules\.pnpm\egg-multipart@3.3.0\node_modules\egg-multipart\app\schedule\clean_tmpdir.js
2024-03-14 13:46:27,617 INFO 18600 [egg-schedule]: register schedule C:\Users\Administrator\Desktop\egg\node_modules\.pnpm\egg-logrotator@3.1.0\node_modules\egg-logrotator\app\schedule\clean_log.js
2024-03-14 13:46:27,617 INFO 18600 [egg-schedule]: register schedule C:\Users\Administrator\Desktop\egg\node_modules\.pnpm\egg-logrotator@3.1.0\node_modules\egg-logrotator\app\schedule\rotate_by_file.js
2024-03-14 13:46:32,097 INFO 11412 [egg-schedule]: register schedule C:\Users\Administrator\Desktop\egg\node_modules\.pnpm\egg-multipart@3.3.0\node_modules\egg-multipart\app\schedule\clean_tmpdir.js
2024-03-14 13:46:32,098 INFO 11412 [egg-schedule]: register schedule C:\Users\Administrator\Desktop\egg\node_modules\.pnpm\egg-logrotator@3.1.0\node_modules\egg-logrotator\app\schedule\clean_log.js
2024-03-14 13:46:32,098 INFO 11412 [egg-schedule]: register schedule C:\Users\Administrator\Desktop\egg\node_modules\.pnpm\egg-logrotator@3.1.0\node_modules\egg-logrotator\app\schedule\rotate_by_file.js
2024-03-14 13:46:33,055 INFO 30492 [egg-schedule]: register schedule C:\Users\Administrator\Desktop\egg\node_modules\.pnpm\egg-multipart@3.3.0\node_modules\egg-multipart\app\schedule\clean_tmpdir.js
2024-03-14 13:46:33,056 INFO 30492 [egg-schedule]: register schedule C:\Users\Administrator\Desktop\egg\node_modules\.pnpm\egg-logrotator@3.1.0\node_modules\egg-logrotator\app\schedule\clean_log.js
2024-03-14 13:46:33,056 INFO 30492 [egg-schedule]: register schedule C:\Users\Administrator\Desktop\egg\node_modules\.pnpm\egg-logrotator@3.1.0\node_modules\egg-logrotator\app\schedule\rotate_by_file.js
2024-03-14 13:47:10,791 INFO 15608 [egg-schedule]: register schedule C:\Users\Administrator\Desktop\egg\node_modules\.pnpm\egg-multipart@3.3.0\node_modules\egg-multipart\app\schedule\clean_tmpdir.js
2024-03-14 13:47:10,791 INFO 15608 [egg-schedule]: register schedule C:\Users\Administrator\Desktop\egg\node_modules\.pnpm\egg-logrotator@3.1.0\node_modules\egg-logrotator\app\schedule\clean_log.js
2024-03-14 13:47:10,791 INFO 15608 [egg-schedule]: register schedule C:\Users\Administrator\Desktop\egg\node_modules\.pnpm\egg-logrotator@3.1.0\node_modules\egg-logrotator\app\schedule\rotate_by_file.js
2024-03-14 13:47:22,083 INFO 22032 [egg-schedule]: register schedule C:\Users\Administrator\Desktop\egg\node_modules\.pnpm\egg-multipart@3.3.0\node_modules\egg-multipart\app\schedule\clean_tmpdir.js
2024-03-14 13:47:22,083 INFO 22032 [egg-schedule]: register schedule C:\Users\Administrator\Desktop\egg\node_modules\.pnpm\egg-logrotator@3.1.0\node_modules\egg-logrotator\app\schedule\clean_log.js
2024-03-14 13:47:22,083 INFO 22032 [egg-schedule]: register schedule C:\Users\Administrator\Desktop\egg\node_modules\.pnpm\egg-logrotator@3.1.0\node_modules\egg-logrotator\app\schedule\rotate_by_file.js
2024-03-14 13:47:25,977 INFO 20864 [egg-schedule]: register schedule C:\Users\Administrator\Desktop\egg\node_modules\.pnpm\egg-multipart@3.3.0\node_modules\egg-multipart\app\schedule\clean_tmpdir.js
2024-03-14 13:47:25,977 INFO 20864 [egg-schedule]: register schedule C:\Users\Administrator\Desktop\egg\node_modules\.pnpm\egg-logrotator@3.1.0\node_modules\egg-logrotator\app\schedule\clean_log.js
2024-03-14 13:47:25,977 INFO 20864 [egg-schedule]: register schedule C:\Users\Administrator\Desktop\egg\node_modules\.pnpm\egg-logrotator@3.1.0\node_modules\egg-logrotator\app\schedule\rotate_by_file.js
2024-03-14 13:47:32,801 INFO 26420 [egg-schedule]: register schedule C:\Users\Administrator\Desktop\egg\node_modules\.pnpm\egg-multipart@3.3.0\node_modules\egg-multipart\app\schedule\clean_tmpdir.js
2024-03-14 13:47:32,802 INFO 26420 [egg-schedule]: register schedule C:\Users\Administrator\Desktop\egg\node_modules\.pnpm\egg-logrotator@3.1.0\node_modules\egg-logrotator\app\schedule\clean_log.js
2024-03-14 13:47:32,802 INFO 26420 [egg-schedule]: register schedule C:\Users\Administrator\Desktop\egg\node_modules\.pnpm\egg-logrotator@3.1.0\node_modules\egg-logrotator\app\schedule\rotate_by_file.js
2024-03-14 13:47:41,121 INFO 31580 [egg-schedule]: register schedule C:\Users\Administrator\Desktop\egg\node_modules\.pnpm\egg-multipart@3.3.0\node_modules\egg-multipart\app\schedule\clean_tmpdir.js
2024-03-14 13:47:41,121 INFO 31580 [egg-schedule]: register schedule C:\Users\Administrator\Desktop\egg\node_modules\.pnpm\egg-logrotator@3.1.0\node_modules\egg-logrotator\app\schedule\clean_log.js
2024-03-14 13:47:41,121 INFO 31580 [egg-schedule]: register schedule C:\Users\Administrator\Desktop\egg\node_modules\.pnpm\egg-logrotator@3.1.0\node_modules\egg-logrotator\app\schedule\rotate_by_file.js
2024-03-14 13:47:45,973 INFO 16172 [egg-schedule]: register schedule C:\Users\Administrator\Desktop\egg\node_modules\.pnpm\egg-multipart@3.3.0\node_modules\egg-multipart\app\schedule\clean_tmpdir.js
2024-03-14 13:47:45,974 INFO 16172 [egg-schedule]: register schedule C:\Users\Administrator\Desktop\egg\node_modules\.pnpm\egg-logrotator@3.1.0\node_modules\egg-logrotator\app\schedule\clean_log.js
2024-03-14 13:47:45,974 INFO 16172 [egg-schedule]: register schedule C:\Users\Administrator\Desktop\egg\node_modules\.pnpm\egg-logrotator@3.1.0\node_modules\egg-logrotator\app\schedule\rotate_by_file.js
2024-03-14 13:48:08,002 INFO 26976 [egg-schedule]: register schedule C:\Users\Administrator\Desktop\egg\node_modules\.pnpm\egg-multipart@3.3.0\node_modules\egg-multipart\app\schedule\clean_tmpdir.js
2024-03-14 13:48:08,002 INFO 26976 [egg-schedule]: register schedule C:\Users\Administrator\Desktop\egg\node_modules\.pnpm\egg-logrotator@3.1.0\node_modules\egg-logrotator\app\schedule\clean_log.js
2024-03-14 13:48:08,002 INFO 26976 [egg-schedule]: register schedule C:\Users\Administrator\Desktop\egg\node_modules\.pnpm\egg-logrotator@3.1.0\node_modules\egg-logrotator\app\schedule\rotate_by_file.js
2024-03-14 13:48:12,071 INFO 30864 [egg-schedule]: register schedule C:\Users\Administrator\Desktop\egg\node_modules\.pnpm\egg-multipart@3.3.0\node_modules\egg-multipart\app\schedule\clean_tmpdir.js
2024-03-14 13:48:12,071 INFO 30864 [egg-schedule]: register schedule C:\Users\Administrator\Desktop\egg\node_modules\.pnpm\egg-logrotator@3.1.0\node_modules\egg-logrotator\app\schedule\clean_log.js
2024-03-14 13:48:12,071 INFO 30864 [egg-schedule]: register schedule C:\Users\Administrator\Desktop\egg\node_modules\.pnpm\egg-logrotator@3.1.0\node_modules\egg-logrotator\app\schedule\rotate_by_file.js
2024-03-14 13:48:13,808 INFO 26680 [egg-schedule]: register schedule C:\Users\Administrator\Desktop\egg\node_modules\.pnpm\egg-multipart@3.3.0\node_modules\egg-multipart\app\schedule\clean_tmpdir.js
2024-03-14 13:48:13,808 INFO 26680 [egg-schedule]: register schedule C:\Users\Administrator\Desktop\egg\node_modules\.pnpm\egg-logrotator@3.1.0\node_modules\egg-logrotator\app\schedule\clean_log.js
2024-03-14 13:48:13,808 INFO 26680 [egg-schedule]: register schedule C:\Users\Administrator\Desktop\egg\node_modules\.pnpm\egg-logrotator@3.1.0\node_modules\egg-logrotator\app\schedule\rotate_by_file.js
2024-03-14 13:48:19,179 INFO 10472 [egg-schedule]: register schedule C:\Users\Administrator\Desktop\egg\node_modules\.pnpm\egg-multipart@3.3.0\node_modules\egg-multipart\app\schedule\clean_tmpdir.js
2024-03-14 13:48:19,180 INFO 10472 [egg-schedule]: register schedule C:\Users\Administrator\Desktop\egg\node_modules\.pnpm\egg-logrotator@3.1.0\node_modules\egg-logrotator\app\schedule\clean_log.js
2024-03-14 13:48:19,180 INFO 10472 [egg-schedule]: register schedule C:\Users\Administrator\Desktop\egg\node_modules\.pnpm\egg-logrotator@3.1.0\node_modules\egg-logrotator\app\schedule\rotate_by_file.js
2024-03-14 13:50:27,740 INFO 22628 [egg-schedule]: register schedule C:\Users\Administrator\Desktop\egg\node_modules\.pnpm\egg-multipart@3.3.0\node_modules\egg-multipart\app\schedule\clean_tmpdir.js
2024-03-14 13:50:27,740 INFO 22628 [egg-schedule]: register schedule C:\Users\Administrator\Desktop\egg\node_modules\.pnpm\egg-logrotator@3.1.0\node_modules\egg-logrotator\app\schedule\clean_log.js
2024-03-14 13:50:27,741 INFO 22628 [egg-schedule]: register schedule C:\Users\Administrator\Desktop\egg\node_modules\.pnpm\egg-logrotator@3.1.0\node_modules\egg-logrotator\app\schedule\rotate_by_file.js
2024-03-14 13:50:40,910 INFO 24580 [egg-schedule]: register schedule C:\Users\Administrator\Desktop\egg\node_modules\.pnpm\egg-multipart@3.3.0\node_modules\egg-multipart\app\schedule\clean_tmpdir.js
2024-03-14 13:50:40,911 INFO 24580 [egg-schedule]: register schedule C:\Users\Administrator\Desktop\egg\node_modules\.pnpm\egg-logrotator@3.1.0\node_modules\egg-logrotator\app\schedule\clean_log.js
2024-03-14 13:50:40,911 INFO 24580 [egg-schedule]: register schedule C:\Users\Administrator\Desktop\egg\node_modules\.pnpm\egg-logrotator@3.1.0\node_modules\egg-logrotator\app\schedule\rotate_by_file.js
2024-03-14 13:50:41,761 INFO 21256 [Timer] C:\Users\Administrator\Desktop\egg\node_modules\.pnpm\egg-multipart@3.3.0\node_modules\egg-multipart\app\schedule\clean_tmpdir.js next time will execute after 52758243ms at 2024-03-15 04:30:00.004
2024-03-14 13:50:41,761 INFO 21256 [Timer] C:\Users\Administrator\Desktop\egg\node_modules\.pnpm\egg-logrotator@3.1.0\node_modules\egg-logrotator\app\schedule\clean_log.js next time will execute after 36558239ms at 2024-03-15 00:00:00.000
2024-03-14 13:50:41,762 INFO 21256 [Timer] C:\Users\Administrator\Desktop\egg\node_modules\.pnpm\egg-logrotator@3.1.0\node_modules\egg-logrotator\app\schedule\rotate_by_file.js next time will execute after 36559239ms at 2024-03-15 00:00:01.001
2024-03-14 13:53:12,118 INFO 31224 [egg-schedule]: register schedule C:\Users\Administrator\Desktop\egg\node_modules\.pnpm\egg-multipart@3.3.0\node_modules\egg-multipart\app\schedule\clean_tmpdir.js
2024-03-14 13:53:12,118 INFO 31224 [egg-schedule]: register schedule C:\Users\Administrator\Desktop\egg\node_modules\.pnpm\egg-logrotator@3.1.0\node_modules\egg-logrotator\app\schedule\clean_log.js
2024-03-14 13:53:12,118 INFO 31224 [egg-schedule]: register schedule C:\Users\Administrator\Desktop\egg\node_modules\.pnpm\egg-logrotator@3.1.0\node_modules\egg-logrotator\app\schedule\rotate_by_file.js
2024-03-14 13:53:15,571 INFO 11256 [egg-schedule]: register schedule C:\Users\Administrator\Desktop\egg\node_modules\.pnpm\egg-multipart@3.3.0\node_modules\egg-multipart\app\schedule\clean_tmpdir.js
2024-03-14 13:53:15,572 INFO 11256 [egg-schedule]: register schedule C:\Users\Administrator\Desktop\egg\node_modules\.pnpm\egg-logrotator@3.1.0\node_modules\egg-logrotator\app\schedule\clean_log.js
2024-03-14 13:53:15,572 INFO 11256 [egg-schedule]: register schedule C:\Users\Administrator\Desktop\egg\node_modules\.pnpm\egg-logrotator@3.1.0\node_modules\egg-logrotator\app\schedule\rotate_by_file.js
2024-03-14 13:58:38,288 INFO 3612 [egg-schedule]: register schedule C:\Users\Administrator\Desktop\egg\node_modules\.pnpm\egg-multipart@3.3.0\node_modules\egg-multipart\app\schedule\clean_tmpdir.js
2024-03-14 13:58:38,288 INFO 3612 [egg-schedule]: register schedule C:\Users\Administrator\Desktop\egg\node_modules\.pnpm\egg-logrotator@3.1.0\node_modules\egg-logrotator\app\schedule\clean_log.js
2024-03-14 13:58:38,288 INFO 3612 [egg-schedule]: register schedule C:\Users\Administrator\Desktop\egg\node_modules\.pnpm\egg-logrotator@3.1.0\node_modules\egg-logrotator\app\schedule\rotate_by_file.js
2024-03-14 13:58:40,778 INFO 10716 [egg-schedule]: register schedule C:\Users\Administrator\Desktop\egg\node_modules\.pnpm\egg-multipart@3.3.0\node_modules\egg-multipart\app\schedule\clean_tmpdir.js
2024-03-14 13:58:40,779 INFO 10716 [egg-schedule]: register schedule C:\Users\Administrator\Desktop\egg\node_modules\.pnpm\egg-logrotator@3.1.0\node_modules\egg-logrotator\app\schedule\clean_log.js
2024-03-14 13:58:40,779 INFO 10716 [egg-schedule]: register schedule C:\Users\Administrator\Desktop\egg\node_modules\.pnpm\egg-logrotator@3.1.0\node_modules\egg-logrotator\app\schedule\rotate_by_file.js
2024-03-14 13:59:16,082 INFO 16520 [egg-schedule]: register schedule C:\Users\Administrator\Desktop\egg\node_modules\.pnpm\egg-multipart@3.3.0\node_modules\egg-multipart\app\schedule\clean_tmpdir.js
2024-03-14 13:59:16,082 INFO 16520 [egg-schedule]: register schedule C:\Users\Administrator\Desktop\egg\node_modules\.pnpm\egg-logrotator@3.1.0\node_modules\egg-logrotator\app\schedule\clean_log.js
2024-03-14 13:59:16,082 INFO 16520 [egg-schedule]: register schedule C:\Users\Administrator\Desktop\egg\node_modules\.pnpm\egg-logrotator@3.1.0\node_modules\egg-logrotator\app\schedule\rotate_by_file.js
2024-03-14 13:59:16,699 INFO 25460 [Timer] C:\Users\Administrator\Desktop\egg\node_modules\.pnpm\egg-multipart@3.3.0\node_modules\egg-multipart\app\schedule\clean_tmpdir.js next time will execute after 52243305ms at 2024-03-15 04:30:00.004
2024-03-14 13:59:16,700 INFO 25460 [Timer] C:\Users\Administrator\Desktop\egg\node_modules\.pnpm\egg-logrotator@3.1.0\node_modules\egg-logrotator\app\schedule\clean_log.js next time will execute after 36043301ms at 2024-03-15 00:00:00.001
2024-03-14 13:59:16,700 INFO 25460 [Timer] C:\Users\Administrator\Desktop\egg\node_modules\.pnpm\egg-logrotator@3.1.0\node_modules\egg-logrotator\app\schedule\rotate_by_file.js next time will execute after 36044300ms at 2024-03-15 00:00:01.000
2024-03-14 14:00:38,978 INFO 26212 [egg-schedule]: register schedule C:\Users\Administrator\Desktop\egg\node_modules\.pnpm\egg-multipart@3.3.0\node_modules\egg-multipart\app\schedule\clean_tmpdir.js
2024-03-14 14:00:38,979 INFO 26212 [egg-schedule]: register schedule C:\Users\Administrator\Desktop\egg\node_modules\.pnpm\egg-logrotator@3.1.0\node_modules\egg-logrotator\app\schedule\clean_log.js
2024-03-14 14:00:38,979 INFO 26212 [egg-schedule]: register schedule C:\Users\Administrator\Desktop\egg\node_modules\.pnpm\egg-logrotator@3.1.0\node_modules\egg-logrotator\app\schedule\rotate_by_file.js
2024-03-14 14:01:15,395 INFO 16928 [egg-schedule]: register schedule C:\Users\Administrator\Desktop\egg\node_modules\.pnpm\egg-multipart@3.3.0\node_modules\egg-multipart\app\schedule\clean_tmpdir.js
2024-03-14 14:01:15,396 INFO 16928 [egg-schedule]: register schedule C:\Users\Administrator\Desktop\egg\node_modules\.pnpm\egg-logrotator@3.1.0\node_modules\egg-logrotator\app\schedule\clean_log.js
2024-03-14 14:01:15,396 INFO 16928 [egg-schedule]: register schedule C:\Users\Administrator\Desktop\egg\node_modules\.pnpm\egg-logrotator@3.1.0\node_modules\egg-logrotator\app\schedule\rotate_by_file.js
2024-03-14 14:01:19,073 INFO 30492 [egg-schedule]: register schedule C:\Users\Administrator\Desktop\egg\node_modules\.pnpm\egg-multipart@3.3.0\node_modules\egg-multipart\app\schedule\clean_tmpdir.js
2024-03-14 14:01:19,073 INFO 30492 [egg-schedule]: register schedule C:\Users\Administrator\Desktop\egg\node_modules\.pnpm\egg-logrotator@3.1.0\node_modules\egg-logrotator\app\schedule\clean_log.js
2024-03-14 14:01:19,073 INFO 30492 [egg-schedule]: register schedule C:\Users\Administrator\Desktop\egg\node_modules\.pnpm\egg-logrotator@3.1.0\node_modules\egg-logrotator\app\schedule\rotate_by_file.js
2024-03-14 14:01:23,419 INFO 5804 [egg-schedule]: register schedule C:\Users\Administrator\Desktop\egg\node_modules\.pnpm\egg-multipart@3.3.0\node_modules\egg-multipart\app\schedule\clean_tmpdir.js
2024-03-14 14:01:23,419 INFO 5804 [egg-schedule]: register schedule C:\Users\Administrator\Desktop\egg\node_modules\.pnpm\egg-logrotator@3.1.0\node_modules\egg-logrotator\app\schedule\clean_log.js
2024-03-14 14:01:23,419 INFO 5804 [egg-schedule]: register schedule C:\Users\Administrator\Desktop\egg\node_modules\.pnpm\egg-logrotator@3.1.0\node_modules\egg-logrotator\app\schedule\rotate_by_file.js
2024-03-14 14:02:13,577 INFO 6136 [egg-schedule]: register schedule C:\Users\Administrator\Desktop\egg\node_modules\.pnpm\egg-multipart@3.3.0\node_modules\egg-multipart\app\schedule\clean_tmpdir.js
2024-03-14 14:02:13,577 INFO 6136 [egg-schedule]: register schedule C:\Users\Administrator\Desktop\egg\node_modules\.pnpm\egg-logrotator@3.1.0\node_modules\egg-logrotator\app\schedule\clean_log.js
2024-03-14 14:02:13,577 INFO 6136 [egg-schedule]: register schedule C:\Users\Administrator\Desktop\egg\node_modules\.pnpm\egg-logrotator@3.1.0\node_modules\egg-logrotator\app\schedule\rotate_by_file.js
2024-03-14 14:02:14,239 INFO 16104 [Timer] C:\Users\Administrator\Desktop\egg\node_modules\.pnpm\egg-multipart@3.3.0\node_modules\egg-multipart\app\schedule\clean_tmpdir.js next time will execute after 52065764ms at 2024-03-15 04:30:00.003
2024-03-14 14:02:14,239 INFO 16104 [Timer] C:\Users\Administrator\Desktop\egg\node_modules\.pnpm\egg-logrotator@3.1.0\node_modules\egg-logrotator\app\schedule\clean_log.js next time will execute after 35865761ms at 2024-03-15 00:00:00.000
2024-03-14 14:02:14,239 INFO 16104 [Timer] C:\Users\Administrator\Desktop\egg\node_modules\.pnpm\egg-logrotator@3.1.0\node_modules\egg-logrotator\app\schedule\rotate_by_file.js next time will execute after 35866761ms at 2024-03-15 00:00:01.000
2024-03-14 14:02:43,476 INFO 9392 [egg-schedule]: register schedule C:\Users\Administrator\Desktop\egg\node_modules\.pnpm\egg-multipart@3.3.0\node_modules\egg-multipart\app\schedule\clean_tmpdir.js
2024-03-14 14:02:43,476 INFO 9392 [egg-schedule]: register schedule C:\Users\Administrator\Desktop\egg\node_modules\.pnpm\egg-logrotator@3.1.0\node_modules\egg-logrotator\app\schedule\clean_log.js
2024-03-14 14:02:43,476 INFO 9392 [egg-schedule]: register schedule C:\Users\Administrator\Desktop\egg\node_modules\.pnpm\egg-logrotator@3.1.0\node_modules\egg-logrotator\app\schedule\rotate_by_file.js
2024-03-14 14:03:28,983 INFO 17304 [egg-schedule]: register schedule C:\Users\Administrator\Desktop\egg\node_modules\.pnpm\egg-multipart@3.3.0\node_modules\egg-multipart\app\schedule\clean_tmpdir.js
2024-03-14 14:03:28,983 INFO 17304 [egg-schedule]: register schedule C:\Users\Administrator\Desktop\egg\node_modules\.pnpm\egg-logrotator@3.1.0\node_modules\egg-logrotator\app\schedule\clean_log.js
2024-03-14 14:03:28,983 INFO 17304 [egg-schedule]: register schedule C:\Users\Administrator\Desktop\egg\node_modules\.pnpm\egg-logrotator@3.1.0\node_modules\egg-logrotator\app\schedule\rotate_by_file.js
2024-03-14 14:03:29,843 INFO 11472 [egg-schedule]: register schedule C:\Users\Administrator\Desktop\egg\node_modules\.pnpm\egg-multipart@3.3.0\node_modules\egg-multipart\app\schedule\clean_tmpdir.js
2024-03-14 14:03:29,844 INFO 11472 [egg-schedule]: register schedule C:\Users\Administrator\Desktop\egg\node_modules\.pnpm\egg-logrotator@3.1.0\node_modules\egg-logrotator\app\schedule\clean_log.js
2024-03-14 14:03:29,844 INFO 11472 [egg-schedule]: register schedule C:\Users\Administrator\Desktop\egg\node_modules\.pnpm\egg-logrotator@3.1.0\node_modules\egg-logrotator\app\schedule\rotate_by_file.js
2024-03-14 14:03:32,907 INFO 17032 [egg-schedule]: register schedule C:\Users\Administrator\Desktop\egg\node_modules\.pnpm\egg-multipart@3.3.0\node_modules\egg-multipart\app\schedule\clean_tmpdir.js
2024-03-14 14:03:32,907 INFO 17032 [egg-schedule]: register schedule C:\Users\Administrator\Desktop\egg\node_modules\.pnpm\egg-logrotator@3.1.0\node_modules\egg-logrotator\app\schedule\clean_log.js
2024-03-14 14:03:32,907 INFO 17032 [egg-schedule]: register schedule C:\Users\Administrator\Desktop\egg\node_modules\.pnpm\egg-logrotator@3.1.0\node_modules\egg-logrotator\app\schedule\rotate_by_file.js
2024-03-14 14:04:07,732 INFO 30768 [egg-schedule]: register schedule C:\Users\Administrator\Desktop\egg\node_modules\.pnpm\egg-multipart@3.3.0\node_modules\egg-multipart\app\schedule\clean_tmpdir.js
2024-03-14 14:04:07,732 INFO 30768 [egg-schedule]: register schedule C:\Users\Administrator\Desktop\egg\node_modules\.pnpm\egg-logrotator@3.1.0\node_modules\egg-logrotator\app\schedule\clean_log.js
2024-03-14 14:04:07,732 INFO 30768 [egg-schedule]: register schedule C:\Users\Administrator\Desktop\egg\node_modules\.pnpm\egg-logrotator@3.1.0\node_modules\egg-logrotator\app\schedule\rotate_by_file.js
2024-03-14 14:15:11,012 INFO 30824 [egg-schedule]: register schedule C:\Users\Administrator\Desktop\egg\node_modules\.pnpm\egg-multipart@3.3.0\node_modules\egg-multipart\app\schedule\clean_tmpdir.js
2024-03-14 14:15:11,012 INFO 30824 [egg-schedule]: register schedule C:\Users\Administrator\Desktop\egg\node_modules\.pnpm\egg-logrotator@3.1.0\node_modules\egg-logrotator\app\schedule\clean_log.js
2024-03-14 14:15:11,012 INFO 30824 [egg-schedule]: register schedule C:\Users\Administrator\Desktop\egg\node_modules\.pnpm\egg-logrotator@3.1.0\node_modules\egg-logrotator\app\schedule\rotate_by_file.js
2024-03-14 14:15:11,620 INFO 2816 [Timer] C:\Users\Administrator\Desktop\egg\node_modules\.pnpm\egg-multipart@3.3.0\node_modules\egg-multipart\app\schedule\clean_tmpdir.js next time will execute after 51288383ms at 2024-03-15 04:30:00.003
2024-03-14 14:15:11,621 INFO 2816 [Timer] C:\Users\Administrator\Desktop\egg\node_modules\.pnpm\egg-logrotator@3.1.0\node_modules\egg-logrotator\app\schedule\clean_log.js next time will execute after 35088379ms at 2024-03-15 00:00:00.000
2024-03-14 14:15:11,621 INFO 2816 [Timer] C:\Users\Administrator\Desktop\egg\node_modules\.pnpm\egg-logrotator@3.1.0\node_modules\egg-logrotator\app\schedule\rotate_by_file.js next time will execute after 35089379ms at 2024-03-15 00:00:01.000
2024-03-14 14:15:40,609 INFO 27400 [egg-schedule]: register schedule C:\Users\Administrator\Desktop\egg\node_modules\.pnpm\egg-multipart@3.3.0\node_modules\egg-multipart\app\schedule\clean_tmpdir.js
2024-03-14 14:15:40,609 INFO 27400 [egg-schedule]: register schedule C:\Users\Administrator\Desktop\egg\node_modules\.pnpm\egg-logrotator@3.1.0\node_modules\egg-logrotator\app\schedule\clean_log.js
2024-03-14 14:15:40,609 INFO 27400 [egg-schedule]: register schedule C:\Users\Administrator\Desktop\egg\node_modules\.pnpm\egg-logrotator@3.1.0\node_modules\egg-logrotator\app\schedule\rotate_by_file.js
2024-03-14 14:15:41,317 INFO 7600 [Timer] C:\Users\Administrator\Desktop\egg\node_modules\.pnpm\egg-multipart@3.3.0\node_modules\egg-multipart\app\schedule\clean_tmpdir.js next time will execute after 51258686ms at 2024-03-15 04:30:00.003
2024-03-14 14:15:41,318 INFO 7600 [Timer] C:\Users\Administrator\Desktop\egg\node_modules\.pnpm\egg-logrotator@3.1.0\node_modules\egg-logrotator\app\schedule\clean_log.js next time will execute after 35058682ms at 2024-03-15 00:00:00.000
2024-03-14 14:15:41,318 INFO 7600 [Timer] C:\Users\Administrator\Desktop\egg\node_modules\.pnpm\egg-logrotator@3.1.0\node_modules\egg-logrotator\app\schedule\rotate_by_file.js next time will execute after 35059682ms at 2024-03-15 00:00:01.000
2024-03-14 14:19:55,892 INFO 24764 [egg-schedule]: register schedule C:\Users\Administrator\Desktop\egg\node_modules\.pnpm\egg-multipart@3.3.0\node_modules\egg-multipart\app\schedule\clean_tmpdir.js
2024-03-14 14:19:55,892 INFO 24764 [egg-schedule]: register schedule C:\Users\Administrator\Desktop\egg\node_modules\.pnpm\egg-logrotator@3.1.0\node_modules\egg-logrotator\app\schedule\clean_log.js
2024-03-14 14:19:55,892 INFO 24764 [egg-schedule]: register schedule C:\Users\Administrator\Desktop\egg\node_modules\.pnpm\egg-logrotator@3.1.0\node_modules\egg-logrotator\app\schedule\rotate_by_file.js
2024-03-14 14:19:56,650 INFO 17032 [Timer] C:\Users\Administrator\Desktop\egg\node_modules\.pnpm\egg-multipart@3.3.0\node_modules\egg-multipart\app\schedule\clean_tmpdir.js next time will execute after 51003353ms at 2024-03-15 04:30:00.003
2024-03-14 14:19:56,650 INFO 17032 [Timer] C:\Users\Administrator\Desktop\egg\node_modules\.pnpm\egg-logrotator@3.1.0\node_modules\egg-logrotator\app\schedule\clean_log.js next time will execute after 34803350ms at 2024-03-15 00:00:00.000
2024-03-14 14:19:56,651 INFO 17032 [Timer] C:\Users\Administrator\Desktop\egg\node_modules\.pnpm\egg-logrotator@3.1.0\node_modules\egg-logrotator\app\schedule\rotate_by_file.js next time will execute after 34804350ms at 2024-03-15 00:00:01.001
2024-03-14 14:33:55,721 INFO 17000 [egg-schedule]: register schedule C:\Users\Administrator\Desktop\egg\node_modules\.pnpm\egg-multipart@3.3.0\node_modules\egg-multipart\app\schedule\clean_tmpdir.js
2024-03-14 14:33:55,722 INFO 17000 [egg-schedule]: register schedule C:\Users\Administrator\Desktop\egg\node_modules\.pnpm\egg-logrotator@3.1.0\node_modules\egg-logrotator\app\schedule\clean_log.js
2024-03-14 14:33:55,722 INFO 17000 [egg-schedule]: register schedule C:\Users\Administrator\Desktop\egg\node_modules\.pnpm\egg-logrotator@3.1.0\node_modules\egg-logrotator\app\schedule\rotate_by_file.js
2024-03-14 14:33:56,383 INFO 27944 [Timer] C:\Users\Administrator\Desktop\egg\node_modules\.pnpm\egg-multipart@3.3.0\node_modules\egg-multipart\app\schedule\clean_tmpdir.js next time will execute after 50163621ms at 2024-03-15 04:30:00.004
2024-03-14 14:33:56,384 INFO 27944 [Timer] C:\Users\Administrator\Desktop\egg\node_modules\.pnpm\egg-logrotator@3.1.0\node_modules\egg-logrotator\app\schedule\clean_log.js next time will execute after 33963617ms at 2024-03-15 00:00:00.001
2024-03-14 14:33:56,384 INFO 27944 [Timer] C:\Users\Administrator\Desktop\egg\node_modules\.pnpm\egg-logrotator@3.1.0\node_modules\egg-logrotator\app\schedule\rotate_by_file.js next time will execute after 33964616ms at 2024-03-15 00:00:01.000
2024-03-14 14:41:25,961 INFO 26200 [egg-schedule]: register schedule C:\Users\Administrator\Desktop\egg\node_modules\.pnpm\egg-multipart@3.3.0\node_modules\egg-multipart\app\schedule\clean_tmpdir.js
2024-03-14 14:41:25,962 INFO 26200 [egg-schedule]: register schedule C:\Users\Administrator\Desktop\egg\node_modules\.pnpm\egg-logrotator@3.1.0\node_modules\egg-logrotator\app\schedule\clean_log.js
2024-03-14 14:41:25,962 INFO 26200 [egg-schedule]: register schedule C:\Users\Administrator\Desktop\egg\node_modules\.pnpm\egg-logrotator@3.1.0\node_modules\egg-logrotator\app\schedule\rotate_by_file.js
2024-03-14 14:41:52,474 INFO 11024 [egg-schedule]: register schedule C:\Users\Administrator\Desktop\egg\node_modules\.pnpm\egg-multipart@3.3.0\node_modules\egg-multipart\app\schedule\clean_tmpdir.js
2024-03-14 14:41:52,474 INFO 11024 [egg-schedule]: register schedule C:\Users\Administrator\Desktop\egg\node_modules\.pnpm\egg-logrotator@3.1.0\node_modules\egg-logrotator\app\schedule\clean_log.js
2024-03-14 14:41:52,474 INFO 11024 [egg-schedule]: register schedule C:\Users\Administrator\Desktop\egg\node_modules\.pnpm\egg-logrotator@3.1.0\node_modules\egg-logrotator\app\schedule\rotate_by_file.js
2024-03-14 14:41:53,182 INFO 6172 [Timer] C:\Users\Administrator\Desktop\egg\node_modules\.pnpm\egg-multipart@3.3.0\node_modules\egg-multipart\app\schedule\clean_tmpdir.js next time will execute after 49686821ms at 2024-03-15 04:30:00.003
2024-03-14 14:41:53,182 INFO 6172 [Timer] C:\Users\Administrator\Desktop\egg\node_modules\.pnpm\egg-logrotator@3.1.0\node_modules\egg-logrotator\app\schedule\clean_log.js next time will execute after 33486818ms at 2024-03-15 00:00:00.000
2024-03-14 14:41:53,182 INFO 6172 [Timer] C:\Users\Administrator\Desktop\egg\node_modules\.pnpm\egg-logrotator@3.1.0\node_modules\egg-logrotator\app\schedule\rotate_by_file.js next time will execute after 33487818ms at 2024-03-15 00:00:01.000
2024-03-14 14:52:23,778 INFO 12760 [egg-schedule]: register schedule C:\Users\Administrator\Desktop\egg\node_modules\.pnpm\egg-multipart@3.3.0\node_modules\egg-multipart\app\schedule\clean_tmpdir.js
2024-03-14 14:52:23,778 INFO 12760 [egg-schedule]: register schedule C:\Users\Administrator\Desktop\egg\node_modules\.pnpm\egg-logrotator@3.1.0\node_modules\egg-logrotator\app\schedule\clean_log.js
2024-03-14 14:52:23,778 INFO 12760 [egg-schedule]: register schedule C:\Users\Administrator\Desktop\egg\node_modules\.pnpm\egg-logrotator@3.1.0\node_modules\egg-logrotator\app\schedule\rotate_by_file.js
2024-03-14 14:52:24,512 INFO 1132 [Timer] C:\Users\Administrator\Desktop\egg\node_modules\.pnpm\egg-multipart@3.3.0\node_modules\egg-multipart\app\schedule\clean_tmpdir.js next time will execute after 49055494ms at 2024-03-15 04:30:00.006
2024-03-14 14:52:24,513 INFO 1132 [Timer] C:\Users\Administrator\Desktop\egg\node_modules\.pnpm\egg-logrotator@3.1.0\node_modules\egg-logrotator\app\schedule\clean_log.js next time will execute after 32855487ms at 2024-03-15 00:00:00.000
2024-03-14 14:52:24,514 INFO 1132 [Timer] C:\Users\Administrator\Desktop\egg\node_modules\.pnpm\egg-logrotator@3.1.0\node_modules\egg-logrotator\app\schedule\rotate_by_file.js next time will execute after 32856487ms at 2024-03-15 00:00:01.001
2024-03-14 14:52:25,989 INFO 7536 [egg-schedule]: register schedule C:\Users\Administrator\Desktop\egg\node_modules\.pnpm\egg-multipart@3.3.0\node_modules\egg-multipart\app\schedule\clean_tmpdir.js
2024-03-14 14:52:25,990 INFO 7536 [egg-schedule]: register schedule C:\Users\Administrator\Desktop\egg\node_modules\.pnpm\egg-logrotator@3.1.0\node_modules\egg-logrotator\app\schedule\clean_log.js
2024-03-14 14:52:25,990 INFO 7536 [egg-schedule]: register schedule C:\Users\Administrator\Desktop\egg\node_modules\.pnpm\egg-logrotator@3.1.0\node_modules\egg-logrotator\app\schedule\rotate_by_file.js
2024-03-14 14:52:29,252 INFO 25264 [egg-schedule]: register schedule C:\Users\Administrator\Desktop\egg\node_modules\.pnpm\egg-multipart@3.3.0\node_modules\egg-multipart\app\schedule\clean_tmpdir.js
2024-03-14 14:52:29,253 INFO 25264 [egg-schedule]: register schedule C:\Users\Administrator\Desktop\egg\node_modules\.pnpm\egg-logrotator@3.1.0\node_modules\egg-logrotator\app\schedule\clean_log.js
2024-03-14 14:52:29,253 INFO 25264 [egg-schedule]: register schedule C:\Users\Administrator\Desktop\egg\node_modules\.pnpm\egg-logrotator@3.1.0\node_modules\egg-logrotator\app\schedule\rotate_by_file.js
2024-03-14 14:57:02,996 INFO 31132 [egg-schedule]: register schedule C:\Users\Administrator\Desktop\egg\node_modules\.pnpm\egg-multipart@3.3.0\node_modules\egg-multipart\app\schedule\clean_tmpdir.js
2024-03-14 14:57:02,996 INFO 31132 [egg-schedule]: register schedule C:\Users\Administrator\Desktop\egg\node_modules\.pnpm\egg-logrotator@3.1.0\node_modules\egg-logrotator\app\schedule\clean_log.js
2024-03-14 14:57:02,996 INFO 31132 [egg-schedule]: register schedule C:\Users\Administrator\Desktop\egg\node_modules\.pnpm\egg-logrotator@3.1.0\node_modules\egg-logrotator\app\schedule\rotate_by_file.js
2024-03-14 14:57:03,765 INFO 28980 [Timer] C:\Users\Administrator\Desktop\egg\node_modules\.pnpm\egg-multipart@3.3.0\node_modules\egg-multipart\app\schedule\clean_tmpdir.js next time will execute after 48776240ms at 2024-03-15 04:30:00.005
2024-03-14 14:57:03,767 INFO 28980 [Timer] C:\Users\Administrator\Desktop\egg\node_modules\.pnpm\egg-logrotator@3.1.0\node_modules\egg-logrotator\app\schedule\clean_log.js next time will execute after 32576234ms at 2024-03-15 00:00:00.001
2024-03-14 14:57:03,767 INFO 28980 [Timer] C:\Users\Administrator\Desktop\egg\node_modules\.pnpm\egg-logrotator@3.1.0\node_modules\egg-logrotator\app\schedule\rotate_by_file.js next time will execute after 32577233ms at 2024-03-15 00:00:01.000
2024-03-14 15:04:05,621 INFO 23532 [egg-schedule]: register schedule C:\Users\Administrator\Desktop\egg\node_modules\.pnpm\egg-multipart@3.3.0\node_modules\egg-multipart\app\schedule\clean_tmpdir.js
2024-03-14 15:04:05,621 INFO 23532 [egg-schedule]: register schedule C:\Users\Administrator\Desktop\egg\node_modules\.pnpm\egg-logrotator@3.1.0\node_modules\egg-logrotator\app\schedule\clean_log.js
2024-03-14 15:04:05,621 INFO 23532 [egg-schedule]: register schedule C:\Users\Administrator\Desktop\egg\node_modules\.pnpm\egg-logrotator@3.1.0\node_modules\egg-logrotator\app\schedule\rotate_by_file.js
2024-03-14 15:04:06,568 INFO 12176 [Timer] C:\Users\Administrator\Desktop\egg\node_modules\.pnpm\egg-multipart@3.3.0\node_modules\egg-multipart\app\schedule\clean_tmpdir.js next time will execute after 48353436ms at 2024-03-15 04:30:00.004
2024-03-14 15:04:06,569 INFO 12176 [Timer] C:\Users\Administrator\Desktop\egg\node_modules\.pnpm\egg-logrotator@3.1.0\node_modules\egg-logrotator\app\schedule\clean_log.js next time will execute after 32153431ms at 2024-03-15 00:00:00.000
2024-03-14 15:04:06,570 INFO 12176 [Timer] C:\Users\Administrator\Desktop\egg\node_modules\.pnpm\egg-logrotator@3.1.0\node_modules\egg-logrotator\app\schedule\rotate_by_file.js next time will execute after 32154430ms at 2024-03-15 00:00:01.000
2024-03-14 15:04:09,086 INFO 31176 [egg-schedule]: register schedule C:\Users\Administrator\Desktop\egg\node_modules\.pnpm\egg-multipart@3.3.0\node_modules\egg-multipart\app\schedule\clean_tmpdir.js
2024-03-14 15:04:09,086 INFO 31176 [egg-schedule]: register schedule C:\Users\Administrator\Desktop\egg\node_modules\.pnpm\egg-logrotator@3.1.0\node_modules\egg-logrotator\app\schedule\clean_log.js
2024-03-14 15:04:09,086 INFO 31176 [egg-schedule]: register schedule C:\Users\Administrator\Desktop\egg\node_modules\.pnpm\egg-logrotator@3.1.0\node_modules\egg-logrotator\app\schedule\rotate_by_file.js
2024-03-14 15:05:20,079 INFO 27440 [egg-schedule]: register schedule C:\Users\Administrator\Desktop\egg\node_modules\.pnpm\egg-multipart@3.3.0\node_modules\egg-multipart\app\schedule\clean_tmpdir.js
2024-03-14 15:05:20,079 INFO 27440 [egg-schedule]: register schedule C:\Users\Administrator\Desktop\egg\node_modules\.pnpm\egg-logrotator@3.1.0\node_modules\egg-logrotator\app\schedule\clean_log.js
2024-03-14 15:05:20,079 INFO 27440 [egg-schedule]: register schedule C:\Users\Administrator\Desktop\egg\node_modules\.pnpm\egg-logrotator@3.1.0\node_modules\egg-logrotator\app\schedule\rotate_by_file.js
2024-03-14 15:05:20,687 INFO 26436 [Timer] C:\Users\Administrator\Desktop\egg\node_modules\.pnpm\egg-multipart@3.3.0\node_modules\egg-multipart\app\schedule\clean_tmpdir.js next time will execute after 48279317ms at 2024-03-15 04:30:00.004
2024-03-14 15:05:20,687 INFO 26436 [Timer] C:\Users\Administrator\Desktop\egg\node_modules\.pnpm\egg-logrotator@3.1.0\node_modules\egg-logrotator\app\schedule\clean_log.js next time will execute after 32079313ms at 2024-03-15 00:00:00.000
2024-03-14 15:05:20,687 INFO 26436 [Timer] C:\Users\Administrator\Desktop\egg\node_modules\.pnpm\egg-logrotator@3.1.0\node_modules\egg-logrotator\app\schedule\rotate_by_file.js next time will execute after 32080313ms at 2024-03-15 00:00:01.000
2024-03-14 15:13:07,392 INFO 23452 [egg-schedule]: register schedule C:\Users\Administrator\Desktop\egg\node_modules\.pnpm\egg-multipart@3.3.0\node_modules\egg-multipart\app\schedule\clean_tmpdir.js
2024-03-14 15:13:07,392 INFO 23452 [egg-schedule]: register schedule C:\Users\Administrator\Desktop\egg\node_modules\.pnpm\egg-logrotator@3.1.0\node_modules\egg-logrotator\app\schedule\clean_log.js
2024-03-14 15:13:07,392 INFO 23452 [egg-schedule]: register schedule C:\Users\Administrator\Desktop\egg\node_modules\.pnpm\egg-logrotator@3.1.0\node_modules\egg-logrotator\app\schedule\rotate_by_file.js
2024-03-14 15:13:08,255 INFO 21416 [Timer] C:\Users\Administrator\Desktop\egg\node_modules\.pnpm\egg-multipart@3.3.0\node_modules\egg-multipart\app\schedule\clean_tmpdir.js next time will execute after 47811750ms at 2024-03-15 04:30:00.005
2024-03-14 15:13:08,256 INFO 21416 [Timer] C:\Users\Administrator\Desktop\egg\node_modules\.pnpm\egg-logrotator@3.1.0\node_modules\egg-logrotator\app\schedule\clean_log.js next time will execute after 31611745ms at 2024-03-15 00:00:00.001
2024-03-14 15:13:08,257 INFO 21416 [Timer] C:\Users\Administrator\Desktop\egg\node_modules\.pnpm\egg-logrotator@3.1.0\node_modules\egg-logrotator\app\schedule\rotate_by_file.js next time will execute after 31612744ms at 2024-03-15 00:00:01.001
2024-03-14 15:14:58,977 INFO 21828 [egg-schedule]: register schedule C:\Users\Administrator\Desktop\egg\node_modules\.pnpm\egg-multipart@3.3.0\node_modules\egg-multipart\app\schedule\clean_tmpdir.js
2024-03-14 15:14:58,977 INFO 21828 [egg-schedule]: register schedule C:\Users\Administrator\Desktop\egg\node_modules\.pnpm\egg-logrotator@3.1.0\node_modules\egg-logrotator\app\schedule\clean_log.js
2024-03-14 15:14:58,977 INFO 21828 [egg-schedule]: register schedule C:\Users\Administrator\Desktop\egg\node_modules\.pnpm\egg-logrotator@3.1.0\node_modules\egg-logrotator\app\schedule\rotate_by_file.js
2024-03-14 15:14:59,601 INFO 24908 [Timer] C:\Users\Administrator\Desktop\egg\node_modules\.pnpm\egg-multipart@3.3.0\node_modules\egg-multipart\app\schedule\clean_tmpdir.js next time will execute after 47700402ms at 2024-03-15 04:30:00.003
2024-03-14 15:14:59,601 INFO 24908 [Timer] C:\Users\Administrator\Desktop\egg\node_modules\.pnpm\egg-logrotator@3.1.0\node_modules\egg-logrotator\app\schedule\clean_log.js next time will execute after 31500399ms at 2024-03-15 00:00:00.000
2024-03-14 15:14:59,601 INFO 24908 [Timer] C:\Users\Administrator\Desktop\egg\node_modules\.pnpm\egg-logrotator@3.1.0\node_modules\egg-logrotator\app\schedule\rotate_by_file.js next time will execute after 31501399ms at 2024-03-15 00:00:01.000
2024-03-14 15:18:51,772 INFO 20928 [egg-schedule]: register schedule C:\Users\Administrator\Desktop\egg\node_modules\.pnpm\egg-multipart@3.3.0\node_modules\egg-multipart\app\schedule\clean_tmpdir.js
2024-03-14 15:18:51,772 INFO 20928 [egg-schedule]: register schedule C:\Users\Administrator\Desktop\egg\node_modules\.pnpm\egg-logrotator@3.1.0\node_modules\egg-logrotator\app\schedule\clean_log.js
2024-03-14 15:18:51,772 INFO 20928 [egg-schedule]: register schedule C:\Users\Administrator\Desktop\egg\node_modules\.pnpm\egg-logrotator@3.1.0\node_modules\egg-logrotator\app\schedule\rotate_by_file.js
2024-03-14 15:18:52,420 INFO 16792 [Timer] C:\Users\Administrator\Desktop\egg\node_modules\.pnpm\egg-multipart@3.3.0\node_modules\egg-multipart\app\schedule\clean_tmpdir.js next time will execute after 47467582ms at 2024-03-15 04:30:00.002
2024-03-14 15:18:52,421 INFO 16792 [Timer] C:\Users\Administrator\Desktop\egg\node_modules\.pnpm\egg-logrotator@3.1.0\node_modules\egg-logrotator\app\schedule\clean_log.js next time will execute after 31267579ms at 2024-03-15 00:00:00.000
2024-03-14 15:18:52,421 INFO 16792 [Timer] C:\Users\Administrator\Desktop\egg\node_modules\.pnpm\egg-logrotator@3.1.0\node_modules\egg-logrotator\app\schedule\rotate_by_file.js next time will execute after 31268579ms at 2024-03-15 00:00:01.000
2024-03-14 15:19:32,366 INFO 26148 [egg-schedule]: register schedule C:\Users\Administrator\Desktop\egg\node_modules\.pnpm\egg-multipart@3.3.0\node_modules\egg-multipart\app\schedule\clean_tmpdir.js
2024-03-14 15:19:32,367 INFO 26148 [egg-schedule]: register schedule C:\Users\Administrator\Desktop\egg\node_modules\.pnpm\egg-logrotator@3.1.0\node_modules\egg-logrotator\app\schedule\clean_log.js
2024-03-14 15:19:32,367 INFO 26148 [egg-schedule]: register schedule C:\Users\Administrator\Desktop\egg\node_modules\.pnpm\egg-logrotator@3.1.0\node_modules\egg-logrotator\app\schedule\rotate_by_file.js
2024-03-14 15:19:33,037 INFO 12360 [Timer] C:\Users\Administrator\Desktop\egg\node_modules\.pnpm\egg-multipart@3.3.0\node_modules\egg-multipart\app\schedule\clean_tmpdir.js next time will execute after 47426967ms at 2024-03-15 04:30:00.004
2024-03-14 15:19:33,038 INFO 12360 [Timer] C:\Users\Administrator\Desktop\egg\node_modules\.pnpm\egg-logrotator@3.1.0\node_modules\egg-logrotator\app\schedule\clean_log.js next time will execute after 31226962ms at 2024-03-15 00:00:00.000
2024-03-14 15:19:33,039 INFO 12360 [Timer] C:\Users\Administrator\Desktop\egg\node_modules\.pnpm\egg-logrotator@3.1.0\node_modules\egg-logrotator\app\schedule\rotate_by_file.js next time will execute after 31227962ms at 2024-03-15 00:00:01.001
2024-03-14 15:40:59,210 INFO 18864 [egg-schedule]: register schedule C:\Users\Administrator\Desktop\egg\node_modules\.pnpm\egg-multipart@3.3.0\node_modules\egg-multipart\app\schedule\clean_tmpdir.js
2024-03-14 15:40:59,210 INFO 18864 [egg-schedule]: register schedule C:\Users\Administrator\Desktop\egg\node_modules\.pnpm\egg-logrotator@3.1.0\node_modules\egg-logrotator\app\schedule\clean_log.js
2024-03-14 15:40:59,210 INFO 18864 [egg-schedule]: register schedule C:\Users\Administrator\Desktop\egg\node_modules\.pnpm\egg-logrotator@3.1.0\node_modules\egg-logrotator\app\schedule\rotate_by_file.js
2024-03-14 15:40:59,951 INFO 29860 [Timer] C:\Users\Administrator\Desktop\egg\node_modules\.pnpm\egg-multipart@3.3.0\node_modules\egg-multipart\app\schedule\clean_tmpdir.js next time will execute after 46140055ms at 2024-03-15 04:30:00.006
2024-03-14 15:40:59,952 INFO 29860 [Timer] C:\Users\Administrator\Desktop\egg\node_modules\.pnpm\egg-logrotator@3.1.0\node_modules\egg-logrotator\app\schedule\clean_log.js next time will execute after 29940049ms at 2024-03-15 00:00:00.001
2024-03-14 15:40:59,952 INFO 29860 [Timer] C:\Users\Administrator\Desktop\egg\node_modules\.pnpm\egg-logrotator@3.1.0\node_modules\egg-logrotator\app\schedule\rotate_by_file.js next time will execute after 29941048ms at 2024-03-15 00:00:01.000
2024-03-14 16:18:31,864 INFO 16024 [egg-schedule]: register schedule C:\Users\Administrator\Desktop\egg\node_modules\.pnpm\egg-multipart@3.3.0\node_modules\egg-multipart\app\schedule\clean_tmpdir.js
2024-03-14 16:18:31,865 INFO 16024 [egg-schedule]: register schedule C:\Users\Administrator\Desktop\egg\node_modules\.pnpm\egg-logrotator@3.1.0\node_modules\egg-logrotator\app\schedule\clean_log.js
2024-03-14 16:18:31,865 INFO 16024 [egg-schedule]: register schedule C:\Users\Administrator\Desktop\egg\node_modules\.pnpm\egg-logrotator@3.1.0\node_modules\egg-logrotator\app\schedule\rotate_by_file.js
2024-03-14 16:18:33,233 INFO 11464 [Timer] C:\Users\Administrator\Desktop\egg\node_modules\.pnpm\egg-multipart@3.3.0\node_modules\egg-multipart\app\schedule\clean_tmpdir.js next time will execute after 43886773ms at 2024-03-15 04:30:00.006
2024-03-14 16:18:33,234 INFO 11464 [Timer] C:\Users\Administrator\Desktop\egg\node_modules\.pnpm\egg-logrotator@3.1.0\node_modules\egg-logrotator\app\schedule\clean_log.js next time will execute after 27686767ms at 2024-03-15 00:00:00.001
2024-03-14 16:18:33,234 INFO 11464 [Timer] C:\Users\Administrator\Desktop\egg\node_modules\.pnpm\egg-logrotator@3.1.0\node_modules\egg-logrotator\app\schedule\rotate_by_file.js next time will execute after 27687766ms at 2024-03-15 00:00:01.000
2024-03-14 16:18:34,285 INFO 7592 [egg-schedule]: register schedule C:\Users\Administrator\Desktop\egg\node_modules\.pnpm\egg-multipart@3.3.0\node_modules\egg-multipart\app\schedule\clean_tmpdir.js
2024-03-14 16:18:34,286 INFO 7592 [egg-schedule]: register schedule C:\Users\Administrator\Desktop\egg\node_modules\.pnpm\egg-logrotator@3.1.0\node_modules\egg-logrotator\app\schedule\clean_log.js
2024-03-14 16:18:34,286 INFO 7592 [egg-schedule]: register schedule C:\Users\Administrator\Desktop\egg\node_modules\.pnpm\egg-logrotator@3.1.0\node_modules\egg-logrotator\app\schedule\rotate_by_file.js
2024-03-14 16:18:36,563 INFO 17284 [egg-schedule]: register schedule C:\Users\Administrator\Desktop\egg\node_modules\.pnpm\egg-multipart@3.3.0\node_modules\egg-multipart\app\schedule\clean_tmpdir.js
2024-03-14 16:18:36,563 INFO 17284 [egg-schedule]: register schedule C:\Users\Administrator\Desktop\egg\node_modules\.pnpm\egg-logrotator@3.1.0\node_modules\egg-logrotator\app\schedule\clean_log.js
2024-03-14 16:18:36,563 INFO 17284 [egg-schedule]: register schedule C:\Users\Administrator\Desktop\egg\node_modules\.pnpm\egg-logrotator@3.1.0\node_modules\egg-logrotator\app\schedule\rotate_by_file.js
2024-03-14 16:56:22,055 INFO 5152 [egg-schedule]: register schedule C:\Users\Administrator\Desktop\egg\node_modules\.pnpm\egg-multipart@3.3.0\node_modules\egg-multipart\app\schedule\clean_tmpdir.js
2024-03-14 16:56:22,055 INFO 5152 [egg-schedule]: register schedule C:\Users\Administrator\Desktop\egg\node_modules\.pnpm\egg-logrotator@3.1.0\node_modules\egg-logrotator\app\schedule\clean_log.js
2024-03-14 16:56:22,055 INFO 5152 [egg-schedule]: register schedule C:\Users\Administrator\Desktop\egg\node_modules\.pnpm\egg-logrotator@3.1.0\node_modules\egg-logrotator\app\schedule\rotate_by_file.js
2024-03-14 16:56:29,830 INFO 5508 [egg-schedule]: register schedule C:\Users\Administrator\Desktop\egg\node_modules\.pnpm\egg-multipart@3.3.0\node_modules\egg-multipart\app\schedule\clean_tmpdir.js
2024-03-14 16:56:29,830 INFO 5508 [egg-schedule]: register schedule C:\Users\Administrator\Desktop\egg\node_modules\.pnpm\egg-logrotator@3.1.0\node_modules\egg-logrotator\app\schedule\clean_log.js
2024-03-14 16:56:29,830 INFO 5508 [egg-schedule]: register schedule C:\Users\Administrator\Desktop\egg\node_modules\.pnpm\egg-logrotator@3.1.0\node_modules\egg-logrotator\app\schedule\rotate_by_file.js
2024-03-14 16:56:35,072 INFO 7348 [egg-schedule]: register schedule C:\Users\Administrator\Desktop\egg\node_modules\.pnpm\egg-multipart@3.3.0\node_modules\egg-multipart\app\schedule\clean_tmpdir.js
2024-03-14 16:56:35,072 INFO 7348 [egg-schedule]: register schedule C:\Users\Administrator\Desktop\egg\node_modules\.pnpm\egg-logrotator@3.1.0\node_modules\egg-logrotator\app\schedule\clean_log.js
2024-03-14 16:56:35,072 INFO 7348 [egg-schedule]: register schedule C:\Users\Administrator\Desktop\egg\node_modules\.pnpm\egg-logrotator@3.1.0\node_modules\egg-logrotator\app\schedule\rotate_by_file.js
2024-03-14 16:56:56,044 INFO 8040 [egg-schedule]: register schedule C:\Users\Administrator\Desktop\egg\node_modules\.pnpm\egg-multipart@3.3.0\node_modules\egg-multipart\app\schedule\clean_tmpdir.js
2024-03-14 16:56:56,044 INFO 8040 [egg-schedule]: register schedule C:\Users\Administrator\Desktop\egg\node_modules\.pnpm\egg-logrotator@3.1.0\node_modules\egg-logrotator\app\schedule\clean_log.js
2024-03-14 16:56:56,044 INFO 8040 [egg-schedule]: register schedule C:\Users\Administrator\Desktop\egg\node_modules\.pnpm\egg-logrotator@3.1.0\node_modules\egg-logrotator\app\schedule\rotate_by_file.js
2024-03-14 17:10:08,927 INFO 16920 [egg-schedule]: register schedule C:\Users\Administrator\Desktop\egg\node_modules\.pnpm\egg-multipart@3.3.0\node_modules\egg-multipart\app\schedule\clean_tmpdir.js
2024-03-14 17:10:08,927 INFO 16920 [egg-schedule]: register schedule C:\Users\Administrator\Desktop\egg\node_modules\.pnpm\egg-logrotator@3.1.0\node_modules\egg-logrotator\app\schedule\clean_log.js
2024-03-14 17:10:08,927 INFO 16920 [egg-schedule]: register schedule C:\Users\Administrator\Desktop\egg\node_modules\.pnpm\egg-logrotator@3.1.0\node_modules\egg-logrotator\app\schedule\rotate_by_file.js
2024-03-14 17:10:09,736 INFO 3784 [Timer] C:\Users\Administrator\Desktop\egg\node_modules\.pnpm\egg-multipart@3.3.0\node_modules\egg-multipart\app\schedule\clean_tmpdir.js next time will execute after 40790272ms at 2024-03-15 04:30:00.008
2024-03-14 17:10:09,736 INFO 3784 [Timer] C:\Users\Administrator\Desktop\egg\node_modules\.pnpm\egg-logrotator@3.1.0\node_modules\egg-logrotator\app\schedule\clean_log.js next time will execute after 24590264ms at 2024-03-15 00:00:00.000
2024-03-14 17:10:09,737 INFO 3784 [Timer] C:\Users\Administrator\Desktop\egg\node_modules\.pnpm\egg-logrotator@3.1.0\node_modules\egg-logrotator\app\schedule\rotate_by_file.js next time will execute after 24591264ms at 2024-03-15 00:00:01.001
